<?xml version="1.0" encoding="UTF-8"?>
<!-- Generated by org.testng.reporters.JUnitXMLReporter -->
<testsuite hostname="DESKTOP-3A2QAD6" ignored="0" name="Test" tests="2" failures="1" timestamp="12 Oct 2023 10:28:51 GMT" time="4.42" errors="0">
  <testcase name="test01" time="2.516" classname="com.test.LoginTest">
    <failure type="java.lang.AssertionError" message="expected [JavaByKiran | Dashboard1] but found [JavaByKiran | Dashboard]">
      <![CDATA[java.lang.AssertionError: expected [JavaByKiran | Dashboard1] but found [JavaByKiran | Dashboard]
at com.test.LoginTest.test01(LoginTest.java:29)
... Removed 35 stack frames]]>
    </failure>
  </testcase> <!-- test01 -->
  <testcase name="test02" time="0.493" classname="com.test.LoginTest"/>
</testsuite> <!-- Test -->
