-------------------------------------------------------------------------------
Test set: TestSuite
-------------------------------------------------------------------------------
Tests run: 2, Failures: 1, Errors: 0, Skipped: 0, Time elapsed: 89.18 s <<< FAILURE! - in TestSuite
com.test.LoginTest.test01  Time elapsed: 2.52 s  <<< FAILURE!
java.lang.AssertionError: expected [JavaByKiran | Dashboard1] but found [JavaByKiran | Dashboard]
	at com.test.LoginTest.test01(LoginTest.java:29)

