<?xml version="1.0" encoding="UTF-8"?>
<testsuite xmlns:xsi="http://www.w3.org/2001/XMLSchema-instance" xsi:noNamespaceSchemaLocation="https://maven.apache.org/surefire/maven-surefire-plugin/xsd/surefire-test-report-3.0.xsd" version="3.0" name="TestSuite" time="89.18" tests="2" errors="0" skipped="0" failures="1">
  <properties>
[...]
</properties>
  <testcase name="test01" classname="com.test.LoginTest" time="2.52">
    <failure message="expected [JavaByKiran | Dashboard1] but found [JavaByKiran | Dashboard]" type="java.lang.AssertionError"><![CDATA[java.lang.AssertionError: expected [JavaByKiran | Dashboard1] but found [JavaByKiran | Dashboard]
	at com.test.LoginTest.test01(LoginTest.java:29)
]]></failure>
    <system-err><![CDATA[Starting ChromeDriver 116.0.5845.96 (1a391816688002153ef791ffe60d9e899a71a037-refs/branch-heads/5845@{#1382}) on port 45810
Only local connections are allowed.
Please see https://chromedriver.chromium.org/security-considerations for suggestions on keeping ChromeDriver safe.
ChromeDriver was started successfully.
[1697106491.041][WARNING]: This version of ChromeDriver has not been tested with Chrome version 117.
[1697106496.254][WARNING]: Timed out connecting to Chrome, retrying...
Oct 12, 2023 12:28:20 PM org.openqa.selenium.remote.ProtocolHandshake createSession
INFO: Detected dialect: W3C
]]></system-err>
  </testcase>
  <testcase name="test02" classname="com.test.LoginTest" time="0.494">
    <system-out><![CDATA[[Selenium, Java / J2EE, Python, Php]
]]></system-out>
  </testcase>
</testsuite>